<?xml version="1.0" encoding="UTF-8"?>
<!-- Generated by org.testng.reporters.JUnitXMLReporter -->
<testsuite ignored="22" hostname="LAPTOP-VTMNI8FB" failures="0" tests="12" name="firefox" time="247.383" errors="0" timestamp="2022-05-20T23:30:58 IST">
  <testcase classname="com.vtiger.contactsTest.CreateContactsWithOrganizationsTest" name="createContactsWithOrganizationsTest" time="20.318"/>
  <testcase classname="com.vtiger.compaignTest.CreateCampaignTest" name="createCampaignTest" time="9.122"/>
  <testcase classname="com.vtiger.organization.testcasesTest.CreateOrgCopyShippingEnabledOrNotTest" name="createOrgCopyShippingEnabledOrNotTest" time="7.852"/>
  <testcase classname="com.vtiger.organization.testcasesTest.CreateOrgWithShippingAddressTest" name="createOrgWithShippingAddressTest" time="11.87"/>
  <testcase classname="com.vtiger.organization.testcasesTest.CreateOrgWithoutShippingAddressTest" name="createOrgWithoutShippingAddressTest" time="11.72"/>
  <testcase classname="com.vtiger.organization.testcasesTest.CreateOrgCopyBillingEnabledOrNotTest" name="createOrgCopyBillingEnabledOrNotTest" time="6.622"/>
  <testcase classname="com.vtiger.productsTest.CreateProductsTest" name="createProductsTest" time="9.031"/>
  <testcase classname="com.vtiger.organizationTest.CreateOrganizationDropdownTest" name="createOrganizationDropdownTest" time="11.536"/>
  <testcase classname="com.vtiger.organizationTest.CreateOrganizationTest" name="createOrganizationTest" time="8.021"/>
  <testcase classname="com.vtiger.organization.testcasesTest.CreateOrgWithBillingAddressTest" name="createOrgWithBillingAddressTest" time="7.316"/>
  <testcase classname="com.vtiger.contactsTest.CreateContactsTest" name="createContactsTest" time="6.963"/>
  <testcase classname="com.vtiger.compaignTest.CreateCompaignsWithProductTest" name="createCompaignsWithProductsTest" time="12.193"/>
  <testcase classname="com.sdet34l1.genericLibrary.BaseClass" name="@AfterSuite afterSuite1Test" time="0.0">
    <ignored/>
  </testcase> <!-- @AfterSuite afterSuite1Test -->
  <testcase classname="com.sdet34l1.genericLibrary.BaseClass" name="@AfterSuite afterSuite1Test" time="0.0">
    <ignored/>
  </testcase> <!-- @AfterSuite afterSuite1Test -->
  <testcase classname="com.sdet34l1.genericLibrary.BaseClass" name="@AfterSuite afterSuite1Test" time="0.0">
    <ignored/>
  </testcase> <!-- @AfterSuite afterSuite1Test -->
  <testcase classname="com.sdet34l1.genericLibrary.BaseClass" name="@AfterSuite afterSuite1Test" time="0.0">
    <ignored/>
  </testcase> <!-- @AfterSuite afterSuite1Test -->
  <testcase classname="com.sdet34l1.genericLibrary.BaseClass" name="@AfterSuite afterSuite1Test" time="0.0">
    <ignored/>
  </testcase> <!-- @AfterSuite afterSuite1Test -->
  <testcase classname="com.sdet34l1.genericLibrary.BaseClass" name="@AfterSuite afterSuite1Test" time="0.0">
    <ignored/>
  </testcase> <!-- @AfterSuite afterSuite1Test -->
  <testcase classname="com.sdet34l1.genericLibrary.BaseClass" name="@AfterSuite afterSuite1Test" time="0.0">
    <ignored/>
  </testcase> <!-- @AfterSuite afterSuite1Test -->
  <testcase classname="com.sdet34l1.genericLibrary.BaseClass" name="@AfterSuite afterSuite1Test" time="0.0">
    <ignored/>
  </testcase> <!-- @AfterSuite afterSuite1Test -->
  <testcase classname="com.sdet34l1.genericLibrary.BaseClass" name="@AfterSuite afterSuite1Test" time="0.0">
    <ignored/>
  </testcase> <!-- @AfterSuite afterSuite1Test -->
  <testcase classname="com.sdet34l1.genericLibrary.BaseClass" name="@AfterSuite afterSuite1Test" time="0.0">
    <ignored/>
  </testcase> <!-- @AfterSuite afterSuite1Test -->
  <testcase classname="com.sdet34l1.genericLibrary.BaseClass" name="@AfterSuite afterSuite1Test" time="0.0">
    <ignored/>
  </testcase> <!-- @AfterSuite afterSuite1Test -->
  <testcase classname="com.sdet34l1.genericLibrary.BaseClass" name="@BeforeSuite beforeSuite1Test" time="0.0">
    <ignored/>
  </testcase> <!-- @BeforeSuite beforeSuite1Test -->
  <testcase classname="com.sdet34l1.genericLibrary.BaseClass" name="@BeforeSuite beforeSuite1Test" time="0.0">
    <ignored/>
  </testcase> <!-- @BeforeSuite beforeSuite1Test -->
  <testcase classname="com.sdet34l1.genericLibrary.BaseClass" name="@BeforeSuite beforeSuite1Test" time="0.0">
    <ignored/>
  </testcase> <!-- @BeforeSuite beforeSuite1Test -->
  <testcase classname="com.sdet34l1.genericLibrary.BaseClass" name="@BeforeSuite beforeSuite1Test" time="0.0">
    <ignored/>
  </testcase> <!-- @BeforeSuite beforeSuite1Test -->
  <testcase classname="com.sdet34l1.genericLibrary.BaseClass" name="@BeforeSuite beforeSuite1Test" time="0.0">
    <ignored/>
  </testcase> <!-- @BeforeSuite beforeSuite1Test -->
  <testcase classname="com.sdet34l1.genericLibrary.BaseClass" name="@BeforeSuite beforeSuite1Test" time="0.0">
    <ignored/>
  </testcase> <!-- @BeforeSuite beforeSuite1Test -->
  <testcase classname="com.sdet34l1.genericLibrary.BaseClass" name="@BeforeSuite beforeSuite1Test" time="0.0">
    <ignored/>
  </testcase> <!-- @BeforeSuite beforeSuite1Test -->
  <testcase classname="com.sdet34l1.genericLibrary.BaseClass" name="@BeforeSuite beforeSuite1Test" time="0.0">
    <ignored/>
  </testcase> <!-- @BeforeSuite beforeSuite1Test -->
  <testcase classname="com.sdet34l1.genericLibrary.BaseClass" name="@BeforeSuite beforeSuite1Test" time="0.0">
    <ignored/>
  </testcase> <!-- @BeforeSuite beforeSuite1Test -->
  <testcase classname="com.sdet34l1.genericLibrary.BaseClass" name="@BeforeSuite beforeSuite1Test" time="0.0">
    <ignored/>
  </testcase> <!-- @BeforeSuite beforeSuite1Test -->
  <testcase classname="com.sdet34l1.genericLibrary.BaseClass" name="@BeforeSuite beforeSuite1Test" time="0.0">
    <ignored/>
  </testcase> <!-- @BeforeSuite beforeSuite1Test -->
</testsuite> <!-- firefox -->
