<?xml version="1.0" encoding="UTF-8"?>
<!-- Generated by org.testng.reporters.JUnitXMLReporter -->
<testsuite ignored="6" hostname="LAPTOP-VTMNI8FB" failures="0" tests="4" name="Test2" time="70.056" errors="0" timestamp="2022-05-22T22:42:12 IST">
  <testcase classname="com.vtiger.contactsTest.CreateContactsWithOrganizationsTest" name="createContactsWithOrganizationsTest" time="16.993"/>
  <testcase classname="com.vtiger.compaignTest.CreateCampaignTest" name="createCampaignTest" time="7.473"/>
  <testcase classname="com.vtiger.productsTest.CreateProductsTest" name="createProductsTest" time="9.332"/>
  <testcase classname="com.vtiger.organizationTest.CreateOrganizationDropdownTest" name="createOrganizationDropdownTest" time="10.93"/>
  <testcase classname="com.sdet34l1.genericLibrary.BaseClass" name="@AfterSuite afterSuite1Test" time="0.0">
    <ignored/>
  </testcase> <!-- @AfterSuite afterSuite1Test -->
  <testcase classname="com.sdet34l1.genericLibrary.BaseClass" name="@AfterSuite afterSuite1Test" time="0.0">
    <ignored/>
  </testcase> <!-- @AfterSuite afterSuite1Test -->
  <testcase classname="com.sdet34l1.genericLibrary.BaseClass" name="@AfterSuite afterSuite1Test" time="0.0">
    <ignored/>
  </testcase> <!-- @AfterSuite afterSuite1Test -->
  <testcase classname="com.sdet34l1.genericLibrary.BaseClass" name="@BeforeSuite beforeSuite1Test" time="0.0">
    <ignored/>
  </testcase> <!-- @BeforeSuite beforeSuite1Test -->
  <testcase classname="com.sdet34l1.genericLibrary.BaseClass" name="@BeforeSuite beforeSuite1Test" time="0.0">
    <ignored/>
  </testcase> <!-- @BeforeSuite beforeSuite1Test -->
  <testcase classname="com.sdet34l1.genericLibrary.BaseClass" name="@BeforeSuite beforeSuite1Test" time="0.0">
    <ignored/>
  </testcase> <!-- @BeforeSuite beforeSuite1Test -->
</testsuite> <!-- Test2 -->
