<?xml version="1.0" encoding="UTF-8"?>
<!-- Generated by org.testng.reporters.JUnitXMLReporter -->
<testsuite ignored="8" hostname="LAPTOP-VTMNI8FB" failures="0" tests="5" name="Test3" time="71.439" errors="0" timestamp="2022-05-22T22:42:13 IST">
  <testcase classname="com.vtiger.organization.testcasesTest.CreateOrgCopyShippingEnabledOrNotTest" name="createOrgCopyShippingEnabledOrNotTest" time="5.935"/>
  <testcase classname="com.vtiger.organization.testcasesTest.CreateOrgWithShippingAddressTest" name="createOrgWithShippingAddressTest" time="8.97"/>
  <testcase classname="com.vtiger.organization.testcasesTest.CreateOrgWithoutShippingAddressTest" name="createOrgWithoutShippingAddressTest" time="8.781"/>
  <testcase classname="com.vtiger.organization.testcasesTest.CreateOrgCopyBillingEnabledOrNotTest" name="createOrgCopyBillingEnabledOrNotTest" time="6.796"/>
  <testcase classname="com.vtiger.organization.testcasesTest.CreateOrgWithBillingAddressTest" name="createOrgWithBillingAddressTest" time="10.693"/>
  <testcase classname="com.sdet34l1.genericLibrary.BaseClass" name="@AfterSuite afterSuite1Test" time="0.0">
    <ignored/>
  </testcase> <!-- @AfterSuite afterSuite1Test -->
  <testcase classname="com.sdet34l1.genericLibrary.BaseClass" name="@AfterSuite afterSuite1Test" time="0.0">
    <ignored/>
  </testcase> <!-- @AfterSuite afterSuite1Test -->
  <testcase classname="com.sdet34l1.genericLibrary.BaseClass" name="@AfterSuite afterSuite1Test" time="0.0">
    <ignored/>
  </testcase> <!-- @AfterSuite afterSuite1Test -->
  <testcase classname="com.sdet34l1.genericLibrary.BaseClass" name="@AfterSuite afterSuite1Test" time="0.0">
    <ignored/>
  </testcase> <!-- @AfterSuite afterSuite1Test -->
  <testcase classname="com.sdet34l1.genericLibrary.BaseClass" name="@BeforeSuite beforeSuite1Test" time="0.0">
    <ignored/>
  </testcase> <!-- @BeforeSuite beforeSuite1Test -->
  <testcase classname="com.sdet34l1.genericLibrary.BaseClass" name="@BeforeSuite beforeSuite1Test" time="0.0">
    <ignored/>
  </testcase> <!-- @BeforeSuite beforeSuite1Test -->
  <testcase classname="com.sdet34l1.genericLibrary.BaseClass" name="@BeforeSuite beforeSuite1Test" time="0.0">
    <ignored/>
  </testcase> <!-- @BeforeSuite beforeSuite1Test -->
  <testcase classname="com.sdet34l1.genericLibrary.BaseClass" name="@BeforeSuite beforeSuite1Test" time="0.0">
    <ignored/>
  </testcase> <!-- @BeforeSuite beforeSuite1Test -->
</testsuite> <!-- Test3 -->
