<?xml version="1.0" encoding="UTF-8"?>
<!-- Generated by org.testng.reporters.JUnitXMLReporter -->
<testsuite ignored="6" hostname="LAPTOP-VTMNI8FB" failures="0" tests="4" name="Test1" time="70.194" errors="0" timestamp="2022-05-22T22:42:12 IST">
  <testcase classname="com.vtiger.documentTest.CreateDocumentTest" name="createDocumentTest" time="8.125"/>
  <testcase classname="com.vtiger.organizationTest.CreateOrganizationTest" name="createOrganizationTest" time="8.956"/>
  <testcase classname="com.vtiger.contactsTest.CreateContactsTest" name="createContactsTest" time="9.205"/>
  <testcase classname="com.vtiger.compaignTest.CreateCompaignsWithProductTest" name="createCompaignsWithProductsTest" time="19.546"/>
  <testcase classname="com.sdet34l1.genericLibrary.BaseClass" name="@AfterSuite afterSuite1Test" time="0.0">
    <ignored/>
  </testcase> <!-- @AfterSuite afterSuite1Test -->
  <testcase classname="com.sdet34l1.genericLibrary.BaseClass" name="@AfterSuite afterSuite1Test" time="0.0">
    <ignored/>
  </testcase> <!-- @AfterSuite afterSuite1Test -->
  <testcase classname="com.sdet34l1.genericLibrary.BaseClass" name="@AfterSuite afterSuite1Test" time="0.0">
    <ignored/>
  </testcase> <!-- @AfterSuite afterSuite1Test -->
  <testcase classname="com.sdet34l1.genericLibrary.BaseClass" name="@BeforeSuite beforeSuite1Test" time="0.0">
    <ignored/>
  </testcase> <!-- @BeforeSuite beforeSuite1Test -->
  <testcase classname="com.sdet34l1.genericLibrary.BaseClass" name="@BeforeSuite beforeSuite1Test" time="0.0">
    <ignored/>
  </testcase> <!-- @BeforeSuite beforeSuite1Test -->
  <testcase classname="com.sdet34l1.genericLibrary.BaseClass" name="@BeforeSuite beforeSuite1Test" time="0.0">
    <ignored/>
  </testcase> <!-- @BeforeSuite beforeSuite1Test -->
</testsuite> <!-- Test1 -->
