<?xml version="1.0" encoding="UTF-8"?>
<testng-results ignored="0" total="1" passed="1" failed="0" skipped="0">
  <reporter-output>
  </reporter-output>
  <suite started-at="2022-05-24T16:00:35 IST" name="Suite" finished-at="2022-05-24T16:00:46 IST" duration-ms="11547">
    <groups>
      <group name="baseclass">
        <method signature="CreateContactsTest.createContactsTest()[pri:0, instance:com.vtiger.contactsTest.CreateContactsTest@167279d1]" name="createContactsTest" class="com.vtiger.contactsTest.CreateContactsTest"/>
      </group> <!-- baseclass -->
    </groups>
    <test started-at="2022-05-24T16:00:35 IST" name="Test" finished-at="2022-05-24T16:00:46 IST" duration-ms="11547">
      <class name="com.vtiger.contactsTest.CreateContactsTest">
        <test-method is-config="true" signature="beforeSuite1Test()[pri:0, instance:com.vtiger.contactsTest.CreateContactsTest@167279d1]" started-at="2022-05-24T16:00:34 IST" name="beforeSuite1Test" finished-at="2022-05-24T16:00:35 IST" duration-ms="855" status="PASS">
          <reporter-output>
          </reporter-output>
        </test-method> <!-- beforeSuite1Test -->
        <test-method is-config="true" signature="beforeClass1Test(java.lang.String)[pri:0, instance:com.vtiger.contactsTest.CreateContactsTest@167279d1]" started-at="2022-05-24T16:00:35 IST" name="beforeClass1Test" finished-at="2022-05-24T16:00:37 IST" duration-ms="2521" status="PASS">
          <params>
            <param index="0">
              <value>
                <![CDATA[chrome]]>
              </value>
            </param>
          </params>
          <reporter-output>
          </reporter-output>
        </test-method> <!-- beforeClass1Test -->
        <test-method is-config="true" signature="beforeMethod1Test()[pri:0, instance:com.vtiger.contactsTest.CreateContactsTest@167279d1]" started-at="2022-05-24T16:00:38 IST" name="beforeMethod1Test" finished-at="2022-05-24T16:00:39 IST" duration-ms="1630" status="PASS">
          <reporter-output>
          </reporter-output>
        </test-method> <!-- beforeMethod1Test -->
        <test-method signature="createContactsTest()[pri:0, instance:com.vtiger.contactsTest.CreateContactsTest@167279d1]" started-at="2022-05-24T16:00:39 IST" name="createContactsTest" description="testng :- CreateContactsTest" finished-at="2022-05-24T16:00:45 IST" duration-ms="5905" status="PASS">
          <reporter-output>
          </reporter-output>
        </test-method> <!-- createContactsTest -->
        <test-method is-config="true" signature="afterMethod1Test()[pri:0, instance:com.vtiger.contactsTest.CreateContactsTest@167279d1]" started-at="2022-05-24T16:00:45 IST" name="afterMethod1Test" finished-at="2022-05-24T16:00:46 IST" duration-ms="857" status="PASS">
          <reporter-output>
          </reporter-output>
        </test-method> <!-- afterMethod1Test -->
        <test-method is-config="true" signature="afterClass1Test()[pri:0, instance:com.vtiger.contactsTest.CreateContactsTest@167279d1]" started-at="2022-05-24T16:00:46 IST" name="afterClass1Test" finished-at="2022-05-24T16:00:46 IST" duration-ms="102" status="PASS">
          <reporter-output>
          </reporter-output>
        </test-method> <!-- afterClass1Test -->
        <test-method is-config="true" signature="afterSuite1Test()[pri:0, instance:com.vtiger.contactsTest.CreateContactsTest@167279d1]" started-at="2022-05-24T16:00:47 IST" name="afterSuite1Test" finished-at="2022-05-24T16:00:47 IST" duration-ms="159" status="PASS">
          <reporter-output>
          </reporter-output>
        </test-method> <!-- afterSuite1Test -->
      </class> <!-- com.vtiger.contactsTest.CreateContactsTest -->
    </test> <!-- Test -->
  </suite> <!-- Suite -->
</testng-results>
